Build started 2.1.2016 6.55.27.
     1>Project "D:\Programming\RobotControl\RobotControl\RobotControl.vcxproj" on node 2 (Build target(s)).
     1>CustomBuild:
         Moc'ing cqtopencvviewergl.h...
         Moc'ing robotcontrol.h...
         Uic'ing robotcontrol.ui...
         Rcc'ing robotcontrol.qrc...
     1>RCC : warning : No resources in 'D:\Programming\RobotControl\RobotControl\robotcontrol.qrc'.
         
     1>C:\Program Files (x86)\MSBuild\Microsoft.Cpp\v4.0\V120\Microsoft.CppBuild.targets(935,5): warning MSB8027: Two or more files with the name of moc_cqtopencvviewergl.cpp will produce outputs to the same location. This can lead to an incorrect build result.  The files involved are GeneratedFiles\Debug\moc_cqtopencvviewergl.cpp, GeneratedFiles\Release\moc_cqtopencvviewergl.cpp.
     1>C:\Program Files (x86)\MSBuild\Microsoft.Cpp\v4.0\V120\Microsoft.CppBuild.targets(935,5): warning MSB8027: Two or more files with the name of moc_robotcontrol.cpp will produce outputs to the same location. This can lead to an incorrect build result.  The files involved are GeneratedFiles\Debug\moc_robotcontrol.cpp, GeneratedFiles\Release\moc_robotcontrol.cpp.
       ClCompile:
         C:\Program Files (x86)\Microsoft Visual Studio 12.0\VC\bin\x86_amd64\CL.exe /c /I.\GeneratedFiles /I. /ID:\QT\5.5\msvc2013_64\include /I.\GeneratedFiles\Release /ID:\QT\5.5\msvc2013_64\include\QtCore /ID:\QT\5.5\msvc2013_64\include\QtGui /ID:\QT\5.5\msvc2013_64\include\QtNetwork /ID:\QT\5.5\msvc2013_64\include\QtOpenGL /ID:\QT\5.5\msvc2013_64\include\QtWidgets /nologo /W1 /WX- /O2 /D UNICODE /D WIN32 /D WIN64 /D QT_DLL /D QT_NO_DEBUG /D NDEBUG /D QT_CORE_LIB /D QT_GUI_LIB /D QT_NETWORK_LIB /D QT_OPENGL_LIB /D QT_WIDGETS_LIB /Gm- /EHsc /MD /GS /fp:precise /Zc:wchar_t /Zc:forScope /Yc"stdafx.h" /Fp"x64\Release\RobotControl.pch" /Fo"x64\Release\\" /Fd"x64\Release\vc120.pdb" /Gd /TP /errorReport:prompt stdafx.cpp
         stdafx.cpp
         C:\Program Files (x86)\Microsoft Visual Studio 12.0\VC\bin\x86_amd64\CL.exe /c /I.\GeneratedFiles /I. /ID:\QT\5.5\msvc2013_64\include /I.\GeneratedFiles\Release /ID:\QT\5.5\msvc2013_64\include\QtCore /ID:\QT\5.5\msvc2013_64\include\QtGui /ID:\QT\5.5\msvc2013_64\include\QtNetwork /ID:\QT\5.5\msvc2013_64\include\QtOpenGL /ID:\QT\5.5\msvc2013_64\include\QtWidgets /nologo /W1 /WX- /O2 /D UNICODE /D WIN32 /D WIN64 /D QT_DLL /D QT_NO_DEBUG /D NDEBUG /D QT_CORE_LIB /D QT_GUI_LIB /D QT_NETWORK_LIB /D QT_OPENGL_LIB /D QT_WIDGETS_LIB /Gm- /EHsc /MD /GS /fp:precise /Zc:wchar_t /Zc:forScope /Yu"stdafx.h" /Fp"x64\Release\RobotControl.pch" /Fo"x64\Release\\" /Fd"x64\Release\vc120.pdb" /Gd /TP /errorReport:prompt cqtopencvviewergl.cpp GeneratedFiles\Release\moc_cqtopencvviewergl.cpp GeneratedFiles\Release\moc_robotcontrol.cpp main.cpp robotcontrol.cpp UDPClient.cpp
         cqtopencvviewergl.cpp
     1>d:\programming\robotcontrol\robotcontrol\cqtopencvviewergl.h(7): fatal error C1083: Cannot open include file: 'opencv2\core\core.hpp': No such file or directory
         moc_cqtopencvviewergl.cpp
     1>d:\programming\robotcontrol\robotcontrol\generatedfiles\release\../../cqtopencvviewergl.h(7): fatal error C1083: Cannot open include file: 'opencv2\core\core.hpp': No such file or directory
         moc_robotcontrol.cpp
     1>d:\programming\robotcontrol\robotcontrol\cqtopencvviewergl.h(7): fatal error C1083: Cannot open include file: 'opencv2\core\core.hpp': No such file or directory
         main.cpp
     1>d:\programming\robotcontrol\robotcontrol\cqtopencvviewergl.h(7): fatal error C1083: Cannot open include file: 'opencv2\core\core.hpp': No such file or directory
         robotcontrol.cpp
     1>d:\programming\robotcontrol\robotcontrol\cqtopencvviewergl.h(7): fatal error C1083: Cannot open include file: 'opencv2\core\core.hpp': No such file or directory
         UDPClient.cpp
         Generating Code...
     1>Done Building Project "D:\Programming\RobotControl\RobotControl\RobotControl.vcxproj" (Build target(s)) -- FAILED.

Build FAILED.

Time Elapsed 00:00:05.67
