Build started 13.3.2016 19.55.39.
     1>Project "D:\Programming\RobotControl\RobotControl\RobotControl.vcxproj" on node 2 (Build target(s)).
     1>C:\Program Files (x86)\MSBuild\Microsoft.Cpp\v4.0\V120\Microsoft.CppBuild.targets(935,5): warning MSB8027: Two or more files with the name of moc_cqtopencvviewergl.cpp will produce outputs to the same location. This can lead to an incorrect build result.  The files involved are GeneratedFiles\Debug\moc_cqtopencvviewergl.cpp, GeneratedFiles\Release\moc_cqtopencvviewergl.cpp.
     1>C:\Program Files (x86)\MSBuild\Microsoft.Cpp\v4.0\V120\Microsoft.CppBuild.targets(935,5): warning MSB8027: Two or more files with the name of moc_robotcontrol.cpp will produce outputs to the same location. This can lead to an incorrect build result.  The files involved are GeneratedFiles\Debug\moc_robotcontrol.cpp, GeneratedFiles\Release\moc_robotcontrol.cpp.
     1>ClCompile:
         C:\Program Files (x86)\Microsoft Visual Studio 12.0\VC\bin\x86_amd64\CL.exe /c /I.\GeneratedFiles /I. /ID:\QT\5.5\msvc2013_64\include /I.\GeneratedFiles\Debug /ID:\QT\5.5\msvc2013_64\include\QtCore /ID:\QT\5.5\msvc2013_64\include\QtGui /ID:\QT\5.5\msvc2013_64\include\QtNetwork /ID:\QT\5.5\msvc2013_64\include\QtOpenGL /ID:\QT\5.5\msvc2013_64\include\QtWidgets /Zi /nologo /W1 /WX- /Od /D UNICODE /D WIN32 /D WIN64 /D QT_DLL /D QT_CORE_LIB /D QT_GUI_LIB /D QT_NETWORK_LIB /D QT_OPENGL_LIB /D QT_WIDGETS_LIB /Gm- /EHsc /MDd /GS /fp:precise /Zc:wchar_t /Zc:forScope /Yu"stdafx.h" /Fp"x64\Debug\RobotControl.pch" /Fo"x64\Debug\\" /Fd"x64\Debug\vc120.pdb" /Gd /TP /errorReport:prompt robotcontrol.cpp
         robotcontrol.cpp
       Link:
         C:\Program Files (x86)\Microsoft Visual Studio 12.0\VC\bin\x86_amd64\link.exe /ERRORREPORT:PROMPT /OUT:"D:\Programming\RobotControl\x64\Debug\\RobotControl.exe" /NOLOGO /LIBPATH:D:\QT\5.5\msvc2013_64\lib qtmaind.lib Qt5Cored.lib opencv_ts300.lib opencv_ts300d.lib opencv_world300.lib opencv_world300d.lib Qt5Guid.lib Qt5Networkd.lib Qt5OpenGLd.lib opengl32.lib glu32.lib Qt5Widgetsd.lib kernel32.lib user32.lib gdi32.lib winspool.lib comdlg32.lib advapi32.lib shell32.lib ole32.lib oleaut32.lib uuid.lib odbc32.lib odbccp32.lib /MANIFEST /MANIFESTUAC:"level='asInvoker' uiAccess='false'" /manifest:embed /DEBUG /PDB:"D:\Programming\RobotControl\x64\Debug\RobotControl.pdb" /SUBSYSTEM:WINDOWS /TLBID:1 /DYNAMICBASE /NXCOMPAT /IMPLIB:"D:\Programming\RobotControl\x64\Debug\RobotControl.lib" /MACHINE:X64 x64\Debug\cqtopencvviewergl.obj
         x64\Debug\moc_cqtopencvviewergl.obj
         x64\Debug\moc_robotcontrol.obj
         x64\Debug\qrc_robotcontrol.obj
         x64\Debug\main.obj
         x64\Debug\robotcontrol.obj
         x64\Debug\stdafx.obj
         x64\Debug\UDPClient.obj
         RobotControl.vcxproj -> D:\Programming\RobotControl\x64\Debug\RobotControl.exe
     1>Done Building Project "D:\Programming\RobotControl\RobotControl\RobotControl.vcxproj" (Build target(s)).

Build succeeded.

Time Elapsed 00:00:13.13
